{"/Users/kimmykokonut/epicodus/computer-science/algorithm-exercises/src/merge-sort.js": {"path":"/Users/kimmykokonut/epicodus/computer-science/algorithm-exercises/src/merge-sort.js","statementMap":{"0":{"start":{"line":4,"column":20},"end":{"line":4,"column":22}},"1":{"start":{"line":5,"column":18},"end":{"line":5,"column":19}},"2":{"start":{"line":6,"column":19},"end":{"line":6,"column":20}},"3":{"start":{"line":7,"column":2},"end":{"line":15,"column":3}},"4":{"start":{"line":8,"column":4},"end":{"line":14,"column":5}},"5":{"start":{"line":9,"column":6},"end":{"line":9,"column":43}},"6":{"start":{"line":10,"column":6},"end":{"line":10,"column":19}},"7":{"start":{"line":12,"column":6},"end":{"line":12,"column":45}},"8":{"start":{"line":13,"column":6},"end":{"line":13,"column":20}},"9":{"start":{"line":16,"column":2},"end":{"line":16,"column":96}},"10":{"start":{"line":17,"column":2},"end":{"line":17,"column":21}},"11":{"start":{"line":21,"column":2},"end":{"line":23,"column":3}},"12":{"start":{"line":22,"column":4},"end":{"line":22,"column":17}},"13":{"start":{"line":24,"column":19},"end":{"line":24,"column":47}},"14":{"start":{"line":25,"column":18},"end":{"line":25,"column":42}},"15":{"start":{"line":26,"column":19},"end":{"line":26,"column":40}},"16":{"start":{"line":27,"column":2},"end":{"line":27,"column":56}}},"fnMap":{"0":{"name":"merge","decl":{"start":{"line":3,"column":16},"end":{"line":3,"column":21}},"loc":{"start":{"line":3,"column":41},"end":{"line":18,"column":1}},"line":3},"1":{"name":"mergeSort","decl":{"start":{"line":20,"column":16},"end":{"line":20,"column":25}},"loc":{"start":{"line":20,"column":33},"end":{"line":28,"column":1}},"line":20}},"branchMap":{"0":{"loc":{"start":{"line":7,"column":9},"end":{"line":7,"column":71}},"type":"binary-expr","locations":[{"start":{"line":7,"column":10},"end":{"line":7,"column":36}},{"start":{"line":7,"column":42},"end":{"line":7,"column":70}}],"line":7},"1":{"loc":{"start":{"line":8,"column":4},"end":{"line":14,"column":5}},"type":"if","locations":[{"start":{"line":8,"column":4},"end":{"line":14,"column":5}},{"start":{"line":8,"column":4},"end":{"line":14,"column":5}}],"line":8},"2":{"loc":{"start":{"line":21,"column":2},"end":{"line":23,"column":3}},"type":"if","locations":[{"start":{"line":21,"column":2},"end":{"line":23,"column":3}},{"start":{"line":21,"column":2},"end":{"line":23,"column":3}}],"line":21}},"s":{"0":3,"1":3,"2":3,"3":3,"4":3,"5":1,"6":1,"7":2,"8":2,"9":3,"10":3,"11":4,"12":3,"13":1,"14":1,"15":1,"16":1},"f":{"0":3,"1":4},"b":{"0":[6,5],"1":[1,2],"2":[3,1]},"_coverageSchema":"43e27e138ebf9cfc5966b082cf9a028302ed4184","hash":"8201c00eb6241f0fa0e854900c28be8778710121"}
,"/Users/kimmykokonut/epicodus/computer-science/algorithm-exercises/src/quick-sort.js": {"path":"/Users/kimmykokonut/epicodus/computer-science/algorithm-exercises/src/quick-sort.js","statementMap":{"0":{"start":{"line":2,"column":2},"end":{"line":2,"column":57}}},"fnMap":{"0":{"name":"findPivot","decl":{"start":{"line":1,"column":16},"end":{"line":1,"column":25}},"loc":{"start":{"line":1,"column":58},"end":{"line":3,"column":1}},"line":1}},"branchMap":{},"s":{"0":1},"f":{"0":1},"b":{},"_coverageSchema":"43e27e138ebf9cfc5966b082cf9a028302ed4184","hash":"4816112f3c7271a0f61005927d2933b1e8707be6"}
}
