TN:
SF:/Users/kimmykokonut/epicodus/computer-science/algorithm-exercises/src/merge-sort.js
FN:3,merge
FN:20,mergeSort
FNF:2
FNH:2
FNDA:3,merge
FNDA:4,mergeSort
DA:4,3
DA:5,3
DA:6,3
DA:7,3
DA:8,3
DA:9,1
DA:10,1
DA:12,2
DA:13,2
DA:16,3
DA:17,3
DA:21,4
DA:22,3
DA:24,1
DA:25,1
DA:26,1
DA:27,1
LF:17
LH:17
BRDA:7,0,0,6
BRDA:7,0,1,5
BRDA:8,1,0,1
BRDA:8,1,1,2
BRDA:21,2,0,3
BRDA:21,2,1,1
BRF:6
BRH:6
end_of_record
TN:
SF:/Users/kimmykokonut/epicodus/computer-science/algorithm-exercises/src/quick-sort.js
FN:1,findPivot
FN:5,swap
FN:12,sortPartition
FN:30,quickSort
FNF:4
FNH:4
FNDA:9,findPivot
FNDA:11,swap
FNDA:8,sortPartition
FNDA:7,quickSort
DA:2,9
DA:6,11
DA:7,11
DA:8,11
DA:9,11
DA:13,8
DA:14,8
DA:15,13
DA:16,4
DA:18,13
DA:19,14
DA:21,13
DA:22,10
DA:23,10
DA:24,10
DA:27,8
DA:32,7
DA:33,7
DA:34,7
DA:35,1
DA:37,7
DA:38,5
DA:41,7
LF:23
LH:23
BRDA:21,0,0,10
BRDA:21,0,1,3
BRDA:30,1,0,1
BRDA:30,2,0,1
BRDA:32,3,0,7
BRDA:32,3,1,0
BRDA:34,4,0,1
BRDA:34,4,1,6
BRDA:37,5,0,5
BRDA:37,5,1,2
BRF:10
BRH:9
end_of_record
