TN:
SF:/Users/kimmykokonut/epicodus/computer-science/algorithm-exercises/src/merge-sort.js
FN:3,merge
FN:20,mergeSort
FNF:2
FNH:2
FNDA:3,merge
FNDA:4,mergeSort
DA:4,3
DA:5,3
DA:6,3
DA:7,3
DA:8,3
DA:9,1
DA:10,1
DA:12,2
DA:13,2
DA:16,3
DA:17,3
DA:21,4
DA:22,3
DA:24,1
DA:25,1
DA:26,1
DA:27,1
LF:17
LH:17
BRDA:7,0,0,6
BRDA:7,0,1,5
BRDA:8,1,0,1
BRDA:8,1,1,2
BRDA:21,2,0,3
BRDA:21,2,1,1
BRF:6
BRH:6
end_of_record
TN:
SF:/Users/kimmykokonut/epicodus/computer-science/algorithm-exercises/src/quick-sort.js
FN:1,findPivot
FNF:1
FNH:1
FNDA:1,findPivot
DA:2,1
LF:1
LH:1
BRF:0
BRH:0
end_of_record
